<?xml version="1.0" encoding="UTF-8"?>
<testsuite xmlns:xsi="http://www.w3.org/2001/XMLSchema-instance" xsi:noNamespaceSchemaLocation="https://maven.apache.org/surefire/maven-surefire-plugin/xsd/surefire-test-report.xsd" name="org.example.ContactManagementTest.ContactManagementTest" time="0.026" tests="6" errors="0" skipped="0" failures="0">
  <properties>
[...]
</properties>
  <testcase name="deleteContact_thenVerifyContactIsDeleted" classname="org.example.ContactManagementTest.ContactManagementTest" time="0.013"/>
  <testcase name="printContactList_VerifyAllContactsArePrinted" classname="org.example.ContactManagementTest.ContactManagementTest" time="0.005"/>
  <testcase name="searchContact_thenVerifyContactIsShown" classname="org.example.ContactManagementTest.ContactManagementTest" time="0"/>
  <testcase name="addContacts_thenVerifyContactsAreAdded" classname="org.example.ContactManagementTest.ContactManagementTest" time="0"/>
  <testcase name="updateNumber_thenVerifyNumberIsUpdated" classname="org.example.ContactManagementTest.ContactManagementTest" time="0"/>
  <testcase name="updateName_thenVerifyNameIsUpdated" classname="org.example.ContactManagementTest.ContactManagementTest" time="0"/>
</testsuite>